[debug] [2026-04-22T01:54:07.880Z] ----------------------------------------------------------------------
[debug] [2026-04-22T01:54:07.882Z] Command:       G:\user\下載\node.js\node.exe C:\Users\user\AppData\Roaming\npm\node_modules\firebase-tools\lib\bin\firebase.js init hosting
[debug] [2026-04-22T01:54:07.882Z] CLI Version:   15.15.0
[debug] [2026-04-22T01:54:07.882Z] Platform:      win32
[debug] [2026-04-22T01:54:07.882Z] Node Version:  v24.13.0
[debug] [2026-04-22T01:54:07.882Z] Time:          Wed Apr 22 2026 09:54:07 GMT+0800 (台北標準時間)
[debug] [2026-04-22T01:54:07.882Z] ----------------------------------------------------------------------
[debug] 
[debug] [2026-04-22T01:54:07.883Z] >>> [apiv2][query] GET https://firebase-public.firebaseio.com/cli.json [none]
[info] 
     ######## #### ########  ######## ########     ###     ######  ########
     ##        ##  ##     ## ##       ##     ##  ##   ##  ##       ##
     ######    ##  ########  ######   ########  #########  ######  ######
     ##        ##  ##    ##  ##       ##     ## ##     ##       ## ##
     ##       #### ##     ## ######## ########  ##     ##  ######  ########

You're about to initialize a Firebase project in this directory:

  C:\Users\user\hogwarts-pbta-relationship

[debug] [2026-04-22T01:54:22.780Z] <<< [apiv2][status] GET https://firebase-public.firebaseio.com/cli.json 200
[debug] [2026-04-22T01:54:22.781Z] <<< [apiv2][body] GET https://firebase-public.firebaseio.com/cli.json {"cloudBuildErrorAfter":1594252800000,"cloudBuildWarnAfter":1590019200000,"defaultNode10After":1594252800000,"minVersion":"3.0.5","node8DeploysDisabledAfter":1613390400000,"node8RuntimeDisabledAfter":1615809600000,"node8WarnAfter":1600128000000}
[info] 
=== Project Setup
[info] 
[info] First, let's associate this project directory with a Firebase project.
[info] You can create multiple project aliases by running firebase use --add, 
[info] 
[debug] [2026-04-22T02:01:08.747Z] > command requires scopes: ["email","openid","https://www.googleapis.com/auth/cloudplatformprojects.readonly","https://www.googleapis.com/auth/firebase","https://www.googleapis.com/auth/cloud-platform"]
[debug] [2026-04-22T02:01:08.748Z] > authorizing via signed-in user (casita.coc@gmail.com)
[debug] [2026-04-22T02:01:08.749Z] Checked if tokens are valid: false, expires at: 1775529798811
[debug] [2026-04-22T02:01:08.749Z] Checked if tokens are valid: false, expires at: 1775529798811
[debug] [2026-04-22T02:01:08.749Z] > refreshing access token with scopes: []
[debug] [2026-04-22T02:01:08.750Z] >>> [apiv2][query] POST https://www.googleapis.com/oauth2/v3/token [none]
[debug] [2026-04-22T02:01:08.750Z] >>> [apiv2][body] POST https://www.googleapis.com/oauth2/v3/token [omitted]
[debug] [2026-04-22T02:01:08.829Z] <<< [apiv2][status] POST https://www.googleapis.com/oauth2/v3/token 200
[debug] [2026-04-22T02:01:08.829Z] <<< [apiv2][body] POST https://www.googleapis.com/oauth2/v3/token [omitted]
[debug] [2026-04-22T02:01:08.841Z] >>> [apiv2][query] GET https://firebase.googleapis.com/v1beta1/projects pageSize=100
[debug] [2026-04-22T02:01:09.442Z] <<< [apiv2][status] GET https://firebase.googleapis.com/v1beta1/projects 200
[debug] [2026-04-22T02:01:09.442Z] <<< [apiv2][body] GET https://firebase.googleapis.com/v1beta1/projects [omitted]
[info] 
=== Hosting Setup
[debug] [2026-04-22T02:01:11.921Z] Checked if tokens are valid: true, expires at: 1776826867829
[debug] [2026-04-22T02:01:11.921Z] Checked if tokens are valid: true, expires at: 1776826867829
[debug] [2026-04-22T02:01:11.921Z] >>> [apiv2][query] GET https://firebase.googleapis.com/v1beta1/projects/hogwarts-pbta-relationsh-31ba9 [none]
[debug] [2026-04-22T02:01:12.223Z] <<< [apiv2][status] GET https://firebase.googleapis.com/v1beta1/projects/hogwarts-pbta-relationsh-31ba9 200
[debug] [2026-04-22T02:01:12.223Z] <<< [apiv2][body] GET https://firebase.googleapis.com/v1beta1/projects/hogwarts-pbta-relationsh-31ba9 {"projectId":"hogwarts-pbta-relationsh-31ba9","projectNumber":"361459597273","displayName":"hogwarts-pbta-relationship","name":"projects/hogwarts-pbta-relationsh-31ba9","resources":{"hostingSite":"hogwarts-pbta-relationsh-31ba9"},"state":"ACTIVE","etag":"1_fc444cc1-1fb4-4a01-8753-93bf6d59fa33"}
[info] 
[info] Your public directory is the folder (relative to your project directory) that
[info] will contain Hosting assets to be uploaded with firebase deploy. If you
[info] have a build process for your assets, use your build's output directory.
[info] 
[debug] [2026-04-22T02:03:42.716Z] ExitPromptError: User force closed the prompt with SIGINT
    at Interface.sigint (C:\Users\user\AppData\Roaming\npm\node_modules\firebase-tools\node_modules\@inquirer\core\dist\commonjs\lib\create-prompt.js:101:37)
    at Interface.emit (node:events:508:28)
    at [_ttyWrite] [as _ttyWrite] (node:internal/readline/interface:1327:18)
    at ReadStream.onkeypress (node:internal/readline/interface:284:20)
    at ReadStream.emit (node:events:520:35)
    at emitKeys (node:internal/readline/utils:371:14)
    at emitKeys.next (<anonymous>)
    at ReadStream.onData (node:internal/readline/emitKeypressEvents:64:36)
    at ReadStream.emit (node:events:508:28)
    at addChunk (node:internal/streams/readable:559:12)
[error] 
[error] Error: An unexpected error has occurred.
